<?xml version="1.0" encoding="UTF-8"?>
<!-- Generated by org.testng.reporters.JUnitXMLReporter -->
<testsuite hostname="LAPTOP-VCF4M088" ignored="0" name="Default test" tests="3" failures="0" timestamp="2020-10-21T19:37:08 IST" time="0.26" errors="0">
  <testcase name="tc3" time="0.046" classname="org.qsp.testngDemo.DataProviderDemo"/>
  <testcase name="tc3" time="0.017" classname="org.qsp.testngDemo.DataProviderDemo"/>
  <testcase name="tc3" time="0.007" classname="org.qsp.testngDemo.DataProviderDemo"/>
</testsuite> <!-- Default test -->
