<?xml version="1.0" encoding="UTF-8"?>
<!-- Generated by org.testng.reporters.JUnitXMLReporter -->
<testsuite hostname="LAPTOP-VCF4M088" ignored="0" name="Test" tests="3" failures="0" timestamp="2020-10-28T09:03:08 IST" time="52.652" errors="0">
  <testcase name="TC_01" time="51.82" classname="org.qsp.testngDemo.GoogleParallelMethodsRun1"/>
  <testcase name="TC_02" time="52.227" classname="org.qsp.testngDemo.GoogleParallelMethodsRun1"/>
  <testcase name="TC_03" time="52.443" classname="org.qsp.testngDemo.GoogleParallelMethodsRun1"/>
</testsuite> <!-- Test -->
