<?xml version="1.0" encoding="UTF-8"?>
<testng-results skipped="0" failed="0" ignored="0" total="3" passed="3">
  <reporter-output>
  </reporter-output>
  <suite name="Suite" duration-ms="52652" started-at="2020-10-28T09:02:15 IST" finished-at="2020-10-28T09:03:07 IST">
    <groups>
    </groups>
    <test name="Test" duration-ms="52652" started-at="2020-10-28T09:02:15 IST" finished-at="2020-10-28T09:03:07 IST">
      <class name="org.qsp.testngDemo.GoogleParallelMethodsRun1">
        <test-method status="PASS" signature="TC_03()[pri:0, instance:org.qsp.testngDemo.GoogleParallelMethodsRun1@4973813a]" name="TC_03" duration-ms="52443" started-at="2020-10-28T09:02:15 IST" finished-at="2020-10-28T09:03:07 IST">
          <reporter-output>
          </reporter-output>
        </test-method> <!-- TC_03 -->
        <test-method status="PASS" signature="TC_01()[pri:0, instance:org.qsp.testngDemo.GoogleParallelMethodsRun1@4973813a]" name="TC_01" duration-ms="51820" started-at="2020-10-28T09:02:15 IST" finished-at="2020-10-28T09:03:07 IST">
          <reporter-output>
          </reporter-output>
        </test-method> <!-- TC_01 -->
        <test-method status="PASS" signature="TC_02()[pri:0, instance:org.qsp.testngDemo.GoogleParallelMethodsRun1@4973813a]" name="TC_02" duration-ms="52227" started-at="2020-10-28T09:02:15 IST" finished-at="2020-10-28T09:03:07 IST">
          <reporter-output>
          </reporter-output>
        </test-method> <!-- TC_02 -->
      </class> <!-- org.qsp.testngDemo.GoogleParallelMethodsRun1 -->
    </test> <!-- Test -->
  </suite> <!-- Suite -->
</testng-results>
